<?xml version="1.0" encoding="UTF-8"?>
<!-- Generated by org.testng.reporters.JUnitReportReporter -->
<testsuite hostname="01HW1889862" failures="0" tests="1" name="RestTests.test_1" time="1.866" errors="0" timestamp="2024-08-13T13:08:19 IST" skipped="0">
  <testcase classname="RestTests.test_1" name="newPOst" time="1.866"/>
</testsuite> <!-- RestTests.test_1 -->
